This is pdfTeX, Version 3.14159265-2.6-1.40.18 (TeX Live 2017/Debian) (preloaded format=pdflatex 2018.10.12)  22 MAY 2019 15:57
entering extended mode
 \write18 enabled.
 %&-line parsing enabled.
**exercises.tex
(./exercises.tex
LaTeX2e <2017-04-15>
Babel <3.18> and hyphenation patterns for 5 language(s) loaded.
(/usr/share/texlive/texmf-dist/tex/latex/base/book.cls
Document Class: book 2014/09/29 v1.4h Standard LaTeX document class
(/usr/share/texlive/texmf-dist/tex/latex/base/bk10.clo
File: bk10.clo 2014/09/29 v1.4h Standard LaTeX file (size option)
)
\c@part=\count79
\c@chapter=\count80
\c@section=\count81
\c@subsection=\count82
\c@subsubsection=\count83
\c@paragraph=\count84
\c@subparagraph=\count85
\c@figure=\count86
\c@table=\count87
\abovecaptionskip=\skip41
\belowcaptionskip=\skip42
\bibindent=\dimen102
)
(/usr/share/texlive/texmf-dist/tex/latex/hyperref/hyperref.sty
Package: hyperref 2018/02/06 v6.86b Hypertext links for LaTeX

(/usr/share/texlive/texmf-dist/tex/generic/oberdiek/hobsub-hyperref.sty
Package: hobsub-hyperref 2016/05/16 v1.14 Bundle oberdiek, subset hyperref (HO)


(/usr/share/texlive/texmf-dist/tex/generic/oberdiek/hobsub-generic.sty
Package: hobsub-generic 2016/05/16 v1.14 Bundle oberdiek, subset generic (HO)
Package: hobsub 2016/05/16 v1.14 Construct package bundles (HO)
Package: infwarerr 2016/05/16 v1.4 Providing info/warning/error messages (HO)
Package: ltxcmds 2016/05/16 v1.23 LaTeX kernel commands for general use (HO)
Package: ifluatex 2016/05/16 v1.4 Provides the ifluatex switch (HO)
Package ifluatex Info: LuaTeX not detected.
Package: ifvtex 2016/05/16 v1.6 Detect VTeX and its facilities (HO)
Package ifvtex Info: VTeX not detected.
Package: intcalc 2016/05/16 v1.2 Expandable calculations with integers (HO)
Package: ifpdf 2017/03/15 v3.2 Provides the ifpdf switch
Package: etexcmds 2016/05/16 v1.6 Avoid name clashes with e-TeX commands (HO)
Package etexcmds Info: Could not find \expanded.
(etexcmds)             That can mean that you are not using pdfTeX 1.50 or
(etexcmds)             that some package has redefined \expanded.
(etexcmds)             In the latter case, load this package earlier.
Package: kvsetkeys 2016/05/16 v1.17 Key value parser (HO)
Package: kvdefinekeys 2016/05/16 v1.4 Define keys (HO)
Package: pdftexcmds 2018/01/21 v0.26 Utility functions of pdfTeX for LuaTeX (HO
)
Package pdftexcmds Info: LuaTeX not detected.
Package pdftexcmds Info: \pdf@primitive is available.
Package pdftexcmds Info: \pdf@ifprimitive is available.
Package pdftexcmds Info: \pdfdraftmode found.
Package: pdfescape 2016/05/16 v1.14 Implements pdfTeX's escape features (HO)
Package: bigintcalc 2016/05/16 v1.4 Expandable calculations on big integers (HO
)
Package: bitset 2016/05/16 v1.2 Handle bit-vector datatype (HO)
Package: uniquecounter 2016/05/16 v1.3 Provide unlimited unique counter (HO)
)
Package hobsub Info: Skipping package `hobsub' (already loaded).
Package: letltxmacro 2016/05/16 v1.5 Let assignment for LaTeX macros (HO)
Package: hopatch 2016/05/16 v1.3 Wrapper for package hooks (HO)
Package: xcolor-patch 2016/05/16 xcolor patch
Package: atveryend 2016/05/16 v1.9 Hooks at the very end of document (HO)
Package atveryend Info: \enddocument detected (standard20110627).
Package: atbegshi 2016/06/09 v1.18 At begin shipout hook (HO)
Package: refcount 2016/05/16 v3.5 Data extraction from label references (HO)
Package: hycolor 2016/05/16 v1.8 Color options for hyperref/bookmark (HO)
)
(/usr/share/texlive/texmf-dist/tex/latex/graphics/keyval.sty
Package: keyval 2014/10/28 v1.15 key=value parser (DPC)
\KV@toks@=\toks14
)
(/usr/share/texlive/texmf-dist/tex/generic/ifxetex/ifxetex.sty
Package: ifxetex 2010/09/12 v0.6 Provides ifxetex conditional
)
(/usr/share/texlive/texmf-dist/tex/latex/oberdiek/auxhook.sty
Package: auxhook 2016/05/16 v1.4 Hooks for auxiliary files (HO)
)
(/usr/share/texlive/texmf-dist/tex/latex/oberdiek/kvoptions.sty
Package: kvoptions 2016/05/16 v3.12 Key value format for package options (HO)
)
\@linkdim=\dimen103
\Hy@linkcounter=\count88
\Hy@pagecounter=\count89

(/usr/share/texlive/texmf-dist/tex/latex/hyperref/pd1enc.def
File: pd1enc.def 2018/02/06 v6.86b Hyperref: PDFDocEncoding definition (HO)
)
\Hy@SavedSpaceFactor=\count90

(/usr/share/texlive/texmf-dist/tex/latex/latexconfig/hyperref.cfg
File: hyperref.cfg 2002/06/06 v1.2 hyperref configuration of TeXLive
)
Package hyperref Info: Hyper figures OFF on input line 4509.
Package hyperref Info: Link nesting OFF on input line 4514.
Package hyperref Info: Hyper index ON on input line 4517.
Package hyperref Info: Plain pages OFF on input line 4524.
Package hyperref Info: Backreferencing OFF on input line 4529.
Package hyperref Info: Implicit mode ON; LaTeX internals redefined.
Package hyperref Info: Bookmarks ON on input line 4762.
\c@Hy@tempcnt=\count91

(/usr/share/texlive/texmf-dist/tex/latex/url/url.sty
\Urlmuskip=\muskip10
Package: url 2013/09/16  ver 3.4  Verb mode for urls, etc.
)
LaTeX Info: Redefining \url on input line 5115.
\XeTeXLinkMargin=\dimen104
\Fld@menulength=\count92
\Field@Width=\dimen105
\Fld@charsize=\dimen106
Package hyperref Info: Hyper figures OFF on input line 6369.
Package hyperref Info: Link nesting OFF on input line 6374.
Package hyperref Info: Hyper index ON on input line 6377.
Package hyperref Info: backreferencing OFF on input line 6384.
Package hyperref Info: Link coloring OFF on input line 6389.
Package hyperref Info: Link coloring with OCG OFF on input line 6394.
Package hyperref Info: PDF/A mode OFF on input line 6399.
LaTeX Info: Redefining \ref on input line 6439.
LaTeX Info: Redefining \pageref on input line 6443.
\Hy@abspage=\count93
\c@Item=\count94
\c@Hfootnote=\count95
)
Package hyperref Info: Driver (autodetected): hpdftex.

(/usr/share/texlive/texmf-dist/tex/latex/hyperref/hpdftex.def
File: hpdftex.def 2018/02/06 v6.86b Hyperref driver for pdfTeX
\Fld@listcount=\count96
\c@bookmark@seq@number=\count97

(/usr/share/texlive/texmf-dist/tex/latex/oberdiek/rerunfilecheck.sty
Package: rerunfilecheck 2016/05/16 v1.8 Rerun checks for auxiliary files (HO)
Package uniquecounter Info: New unique counter `rerunfilecheck' on input line 2
82.
)
\Hy@SectionHShift=\skip43
)
(./titlepic.sty
Package: titlepic 2009/08/03 1.1 Package to display a picture on the title page

) (/usr/share/texlive/texmf-dist/tex/latex/titlesec/titlesec.sty
Package: titlesec 2016/03/21 v2.10.2 Sectioning titles
\ttl@box=\box26
\beforetitleunit=\skip44
\aftertitleunit=\skip45
\ttl@plus=\dimen107
\ttl@minus=\dimen108
\ttl@toksa=\toks15
\titlewidth=\dimen109
\titlewidthlast=\dimen110
\titlewidthfirst=\dimen111
) (/usr/share/texlive/texmf-dist/tex/latex/graphics/graphicx.sty
Package: graphicx 2017/06/01 v1.1a Enhanced LaTeX Graphics (DPC,SPQR)

(/usr/share/texlive/texmf-dist/tex/latex/graphics/graphics.sty
Package: graphics 2017/06/25 v1.2c Standard LaTeX Graphics (DPC,SPQR)

(/usr/share/texlive/texmf-dist/tex/latex/graphics/trig.sty
Package: trig 2016/01/03 v1.10 sin cos tan (DPC)
)
(/usr/share/texlive/texmf-dist/tex/latex/graphics-cfg/graphics.cfg
File: graphics.cfg 2016/06/04 v1.11 sample graphics configuration
)
Package graphics Info: Driver file: pdftex.def on input line 99.

(/usr/share/texlive/texmf-dist/tex/latex/graphics-def/pdftex.def
File: pdftex.def 2018/01/08 v1.0l Graphics/color driver for pdftex
))
\Gin@req@height=\dimen112
\Gin@req@width=\dimen113
)
(/usr/share/texlive/texmf-dist/tex/latex/caption/caption.sty
Package: caption 2016/02/21 v3.3-144 Customizing captions (AR)

(/usr/share/texlive/texmf-dist/tex/latex/caption/caption3.sty
Package: caption3 2016/05/22 v1.7-166 caption3 kernel (AR)
Package caption3 Info: TeX engine: e-TeX on input line 67.
\captionmargin=\dimen114
\captionmargin@=\dimen115
\captionwidth=\dimen116
\caption@tempdima=\dimen117
\caption@indent=\dimen118
\caption@parindent=\dimen119
\caption@hangindent=\dimen120
)
\c@ContinuedFloat=\count98
Package caption Info: hyperref package is loaded.
)
(/usr/share/texlive/texmf-dist/tex/latex/caption/subcaption.sty
Package: subcaption 2016/05/22 v1.1-161 Sub-captions (AR)
\c@subfigure=\count99
\c@subtable=\count100
)
(/usr/share/texlive/texmf-dist/tex/latex/base/alltt.sty
Package: alltt 1997/06/16 v2.0g defines alltt environment
)
(/usr/share/texlive/texmf-dist/tex/latex/fancyhdr/fancyhdr.sty
Package: fancyhdr 2017/06/30 v3.9a Extensive control of page headers and footer
s
\f@nch@headwidth=\skip46
\f@nch@O@elh=\skip47
\f@nch@O@erh=\skip48
\f@nch@O@olh=\skip49
\f@nch@O@orh=\skip50
\f@nch@O@elf=\skip51
\f@nch@O@erf=\skip52
\f@nch@O@olf=\skip53
\f@nch@O@orf=\skip54
)
(/usr/share/texlive/texmf-dist/tex/latex/graphics/color.sty
Package: color 2016/07/10 v1.1e Standard LaTeX Color (DPC)

(/usr/share/texlive/texmf-dist/tex/latex/graphics-cfg/color.cfg
File: color.cfg 2016/01/02 v1.6 sample color configuration
)
Package color Info: Driver file: pdftex.def on input line 147.
)
(/usr/share/texlive/texmf-dist/tex/latex/tools/enumerate.sty
Package: enumerate 2015/07/23 v3.00 enumerate extensions (DPC)
\@enLab=\toks16
) (./exercises.aux)
\openout1 = `exercises.aux'.

LaTeX Font Info:    Checking defaults for OML/cmm/m/it on input line 26.
LaTeX Font Info:    ... okay on input line 26.
LaTeX Font Info:    Checking defaults for T1/cmr/m/n on input line 26.
LaTeX Font Info:    ... okay on input line 26.
LaTeX Font Info:    Checking defaults for OT1/cmr/m/n on input line 26.
LaTeX Font Info:    ... okay on input line 26.
LaTeX Font Info:    Checking defaults for OMS/cmsy/m/n on input line 26.
LaTeX Font Info:    ... okay on input line 26.
LaTeX Font Info:    Checking defaults for OMX/cmex/m/n on input line 26.
LaTeX Font Info:    ... okay on input line 26.
LaTeX Font Info:    Checking defaults for U/cmr/m/n on input line 26.
LaTeX Font Info:    ... okay on input line 26.
LaTeX Font Info:    Checking defaults for PD1/pdf/m/n on input line 26.
LaTeX Font Info:    ... okay on input line 26.
\AtBeginShipoutBox=\box27
Package hyperref Info: Link coloring OFF on input line 26.
(/usr/share/texlive/texmf-dist/tex/latex/hyperref/nameref.sty
Package: nameref 2016/05/21 v2.44 Cross-referencing by name of section

(/usr/share/texlive/texmf-dist/tex/generic/oberdiek/gettitlestring.sty
Package: gettitlestring 2016/05/16 v1.5 Cleanup title references (HO)
)
\c@section@level=\count101
)
LaTeX Info: Redefining \ref on input line 26.
LaTeX Info: Redefining \pageref on input line 26.
LaTeX Info: Redefining \nameref on input line 26.

(./exercises.out) (./exercises.out)
\@outlinefile=\write3
\openout3 = `exercises.out'.


(/usr/share/texlive/texmf-dist/tex/context/base/mkii/supp-pdf.mkii
[Loading MPS to PDF converter (version 2006.09.02).]
\scratchcounter=\count102
\scratchdimen=\dimen121
\scratchbox=\box28
\nofMPsegments=\count103
\nofMParguments=\count104
\everyMPshowfont=\toks17
\MPscratchCnt=\count105
\MPscratchDim=\dimen122
\MPnumerator=\count106
\makeMPintoPDFobject=\count107
\everyMPtoPDFconversion=\toks18
) (/usr/share/texlive/texmf-dist/tex/latex/oberdiek/epstopdf-base.sty
Package: epstopdf-base 2016/05/15 v2.6 Base part for package epstopdf

(/usr/share/texlive/texmf-dist/tex/latex/oberdiek/grfext.sty
Package: grfext 2016/05/16 v1.2 Manage graphics extensions (HO)
)
Package epstopdf-base Info: Redefining graphics rule for `.eps' on input line 4
38.
Package grfext Info: Graphics extension search list:
(grfext)             [.pdf,.png,.jpg,.eps]
(grfext)             \AppendGraphicsExtensions on input line 456.

(/usr/share/texlive/texmf-dist/tex/latex/latexconfig/epstopdf-sys.cfg
File: epstopdf-sys.cfg 2010/07/13 v1.3 Configuration of (r)epstopdf for TeX Liv
e
))
Package caption Info: Begin \AtBeginDocument code.
Package caption Info: End \AtBeginDocument code.
LaTeX Font Info:    External font `cmex10' loaded for size
(Font)              <12> on input line 33.
LaTeX Font Info:    External font `cmex10' loaded for size
(Font)              <8> on input line 33.
LaTeX Font Info:    External font `cmex10' loaded for size
(Font)              <6> on input line 33.

Overfull \hbox (67.97227pt too wide) in paragraph at lines 33--33
 [][] 
 []

<./pics/title_image.png, id=32, 628.3475pt x 513.92pt>
File: ./pics/title_image.png Graphic file (type png)
<use ./pics/title_image.png>
Package pdftex.def Info: ./pics/title_image.png  used on input line 33.
(pdftex.def)             Requested size: 227.62204pt x 186.16379pt.
[1


{/var/lib/texmf/fonts/map/pdftex/updmap/pdftex.map} <./pics/title_image.png (PN
G copy)>]
<./pics/mri2.png, id=40, 82.6287pt x 82.6287pt>
File: ./pics/mri2.png Graphic file (type png)
<use ./pics/mri2.png>
Package pdftex.def Info: ./pics/mri2.png  used on input line 34.
(pdftex.def)             Requested size: 38.3034pt x 38.30301pt.
 [2

 <./pics/mri2.png>] (./exercises.toc
LaTeX Font Info:    External font `cmex10' loaded for size
(Font)              <7> on input line 2.
LaTeX Font Info:    External font `cmex10' loaded for size
(Font)              <5> on input line 2.
)
\tf@toc=\write4
\openout4 = `exercises.toc'.

 [3]
File: ./pics/mri2.png Graphic file (type png)
<use ./pics/mri2.png>
Package pdftex.def Info: ./pics/mri2.png  used on input line 35.
(pdftex.def)             Requested size: 38.3034pt x 38.30301pt.
 [4

] (./exercises.lof)
\tf@lof=\write5
\openout5 = `exercises.lof'.


(./introduction.tex [5]
File: ./pics/mri2.png Graphic file (type png)
<use ./pics/mri2.png>
Package pdftex.def Info: ./pics/mri2.png  used on input line 1.
(pdftex.def)             Requested size: 38.3034pt x 38.30301pt.
 [6

]
Chapter 1.
<./pics/scratch_assay.png, id=92, 434.62375pt x 344.28625pt>
File: ./pics/scratch_assay.png Graphic file (type png)
<use ./pics/scratch_assay.png>
Package pdftex.def Info: ./pics/scratch_assay.png  used on input line 7.
(pdftex.def)             Requested size: 227.62204pt x 180.31169pt.
<./pics/fiji_open_image.png, id=93, 584.1825pt x 456.70625pt>
File: ./pics/fiji_open_image.png Graphic file (type png)
<use ./pics/fiji_open_image.png>
Package pdftex.def Info: ./pics/fiji_open_image.png  used on input line 20.
(pdftex.def)             Requested size: 227.62204pt x 177.95444pt.
LaTeX Font Info:    Try loading font information for OML+cmr on input line 30.
(/usr/share/texlive/texmf-dist/tex/latex/base/omlcmr.fd
File: omlcmr.fd 2014/09/29 v2.5h Standard LaTeX font definitions
)
LaTeX Font Info:    Font shape `OML/cmr/bx/n' in size <10> not available
(Font)              Font shape `OML/cmm/b/it' tried instead on input line 30.
 [7 <./pics/scratch_assay.png (PNG copy)>]
LaTeX Font Info:    Try loading font information for OML+cmtt on input line 39.

LaTeX Font Info:    No file OMLcmtt.fd. on input line 39.


LaTeX Font Warning: Font shape `OML/cmtt/m/n' undefined
(Font)              using `OML/cmm/m/it' instead
(Font)              for symbol `textgreater' on input line 39.

<./pics/featurej_panel.png, id=100, 339.2675pt x 119.44624pt>
File: ./pics/featurej_panel.png Graphic file (type png)
<use ./pics/featurej_panel.png>
Package pdftex.def Info: ./pics/featurej_panel.png  used on input line 43.
(pdftex.def)             Requested size: 170.71652pt x 60.10388pt.
File: ./pics/mri2.png Graphic file (type png)
<use ./pics/mri2.png>
Package pdftex.def Info: ./pics/mri2.png  used on input line 53.
(pdftex.def)             Requested size: 38.3034pt x 38.30301pt.
[8 <./pics/fiji_open_image.png (PNG copy)>]
<./pics/ilastik.png, id=107, 819.06pt x 582.175pt>
File: ./pics/ilastik.png Graphic file (type png)
<use ./pics/ilastik.png>
Package pdftex.def Info: ./pics/ilastik.png  used on input line 72.
(pdftex.def)             Requested size: 227.62204pt x 161.79088pt.
File: ./pics/mri2.png Graphic file (type png)
<use ./pics/mri2.png>
Package pdftex.def Info: ./pics/mri2.png  used on input line 79.
(pdftex.def)             Requested size: 38.3034pt x 38.30301pt.
 [9 <./pics/featurej_panel.png (PNG copy)>]
Overfull \hbox (4.35193pt too wide) in paragraph at lines 96--97
[]\OT1/cmr/m/n/10 Advance to the \OT1/cmtt/m/n/10 Training \OT1/cmr/m/n/10 step
. Re-name the classes for the pixel-classifiction
 []

File: ./pics/mri2.png Graphic file (type png)
<use ./pics/mri2.png>
Package pdftex.def Info: ./pics/mri2.png  used on input line 101.
(pdftex.def)             Requested size: 38.3034pt x 38.30301pt.
[10 <./pics/ilastik.png (PNG copy)>]
Overfull \hbox (3.91624pt too wide) in paragraph at lines 110--111
\OT1/cmr/m/n/10 some of the im-ages not yet pro-cessed, from the folder \OT1/cm
tt/m/n/10 ex01-scratch-assay\OT1/cmr/m/n/10 .
 []

<./pics/wound_healing_result.png, id=124, 439.6425pt x 348.30125pt>
File: ./pics/wound_healing_result.png Graphic file (type png)
<use ./pics/wound_healing_result.png>
Package pdftex.def Info: ./pics/wound_healing_result.png  used on input line 11
5.
(pdftex.def)             Requested size: 227.62204pt x 180.3258pt.
) (./clustering.tex
File: ./pics/mri2.png Graphic file (type png)
<use ./pics/mri2.png>
Package pdftex.def Info: ./pics/mri2.png  used on input line 1.
(pdftex.def)             Requested size: 38.3034pt x 38.30301pt.
 [11 <./pics/wound_healing_result.png (PNG copy)>]
File: ./pics/mri2.png Graphic file (type png)
<use ./pics/mri2.png>
Package pdftex.def Info: ./pics/mri2.png  used on input line 1.
(pdftex.def)             Requested size: 38.3034pt x 38.30301pt.
 [12

]
Chapter 2.

Overfull \hbox (92.30307pt too wide) in paragraph at lines 7--8
\OT1/cmr/m/n/10 Open the file \OT1/cmtt/m/n/10 Visualizing K-Means Clustering.h
tml \OT1/cmr/m/n/10 from the folder \OT1/cmtt/m/n/10 01-k-means-visualization\O
T1/cmr/m/n/10 .
 []

[13]
<./pics/arabidopsis.png, id=144, 1059.96pt x 281.05pt>
File: ./pics/arabidopsis.png Graphic file (type png)
<use ./pics/arabidopsis.png>
Package pdftex.def Info: ./pics/arabidopsis.png  used on input line 52.
(pdftex.def)             Requested size: 227.62204pt x 60.35165pt.
<./pics/color_clustering.png, id=145, 714.67pt x 643.40375pt>
File: ./pics/color_clustering.png Graphic file (type png)
<use ./pics/color_clustering.png>
Package pdftex.def Info: ./pics/color_clustering.png  used on input line 61.
(pdftex.def)             Requested size: 227.62204pt x 204.92146pt.

Overfull \hbox (2.4705pt too wide) in paragraph at lines 58--65
\OT1/cmr/m/n/10 the \OT1/cmtt/m/n/10 Color clustering \OT1/cmr/m/n/10 tool from
 the menu \OT1/cmtt/m/n/10 Plugins>Segmentation>Color
 []

File: ./pics/mri2.png Graphic file (type png)
<use ./pics/mri2.png>
Package pdftex.def Info: ./pics/mri2.png  used on input line 71.
(pdftex.def)             Requested size: 38.3034pt x 38.30301pt.
[14 <./pics/arabidopsis.png (PNG copy)>]
File: ./pics/mri2.png Graphic file (type png)
<use ./pics/mri2.png>
Package pdftex.def Info: ./pics/mri2.png  used on input line 89.
(pdftex.def)             Requested size: 38.3034pt x 38.30301pt.
 [15 <./pics/color_clustering.png>]
<./pics/cluster_visualization.png, id=162, 946.53625pt x 525.965pt>
File: ./pics/cluster_visualization.png Graphic file (type png)
<use ./pics/cluster_visualization.png>
Package pdftex.def Info: ./pics/cluster_visualization.png  used on input line 1
05.
(pdftex.def)             Requested size: 227.62204pt x 126.48296pt.
)
No file exercises.bbl.
Package atveryend Info: Empty hook `BeforeClearDocument' on input line 40.
File: ./pics/mri2.png Graphic file (type png)
<use ./pics/mri2.png>
Package pdftex.def Info: ./pics/mri2.png  used on input line 40.
(pdftex.def)             Requested size: 38.3034pt x 38.30301pt.
[16 <./pics/cluster_visualization.png (PNG copy)>]
Package atveryend Info: Empty hook `AfterLastShipout' on input line 40.
 (./exercises.aux)
Package atveryend Info: Executing hook `AtVeryEndDocument' on input line 40.
Package atveryend Info: Executing hook `AtEndAfterFileList' on input line 40.
Package rerunfilecheck Info: File `exercises.out' has not changed.
(rerunfilecheck)             Checksum: E0197EB3FA0388BF7499AEBB6B7567A8;479.


LaTeX Font Warning: Some font shapes were not available, defaults substituted.

Package atveryend Info: Empty hook `AtVeryVeryEnd' on input line 40.
 ) 
Here is how much of TeX's memory you used:
 6758 strings out of 494880
 103334 string characters out of 6179600
 183323 words of memory out of 5000000
 9953 multiletter control sequences out of 15000+600000
 9986 words of font info for 35 fonts, out of 8000000 for 9000
 36 hyphenation exceptions out of 8191
 36i,15n,43p,553b,448s stack positions out of 5000i,500n,10000p,200000b,80000s
</usr/share/texlive/texmf-dist/fonts/type1/public/amsfonts/cm/cmbx10.pfb></us
r/share/texlive/texmf-dist/fonts/type1/public/amsfonts/cm/cmbx12.pfb></usr/shar
e/texlive/texmf-dist/fonts/type1/public/amsfonts/cm/cmmi10.pfb></usr/share/texl
ive/texmf-dist/fonts/type1/public/amsfonts/cm/cmmib10.pfb></usr/share/texlive/t
exmf-dist/fonts/type1/public/amsfonts/cm/cmr10.pfb></usr/share/texlive/texmf-di
st/fonts/type1/public/amsfonts/cm/cmr12.pfb></usr/share/texlive/texmf-dist/font
s/type1/public/amsfonts/cm/cmr17.pfb></usr/share/texlive/texmf-dist/fonts/type1
/public/amsfonts/cm/cmsl10.pfb></usr/share/texlive/texmf-dist/fonts/type1/publi
c/amsfonts/cm/cmtt10.pfb>
Output written on exercises.pdf (16 pages, 1941321 bytes).
PDF statistics:
 216 PDF objects out of 1000 (max. 8388607)
 175 compressed objects within 2 object streams
 58 named destinations out of 1000 (max. 500000)
 107 words of extra memory for PDF output out of 10000 (max. 10000000)

