This is pdfTeX, Version 3.14159265-2.6-1.40.20 (TeX Live 2019/Debian) (preloaded format=pdflatex 2020.5.9)  6 OCT 2020 14:22
entering extended mode
 \write18 enabled.
 %&-line parsing enabled.
**exercises.tex
(./exercises.tex
LaTeX2e <2020-02-02> patch level 2
L3 programming layer <2020-02-14>
(/usr/share/texlive/texmf-dist/tex/latex/base/book.cls
Document Class: book 2019/12/20 v1.4l Standard LaTeX document class
(/usr/share/texlive/texmf-dist/tex/latex/base/bk10.clo
File: bk10.clo 2019/12/20 v1.4l Standard LaTeX file (size option)
)
\c@part=\count167
\c@chapter=\count168
\c@section=\count169
\c@subsection=\count170
\c@subsubsection=\count171
\c@paragraph=\count172
\c@subparagraph=\count173
\c@figure=\count174
\c@table=\count175
\abovecaptionskip=\skip47
\belowcaptionskip=\skip48
\bibindent=\dimen134
)
(/usr/share/texlive/texmf-dist/tex/latex/hyperref/hyperref.sty
Package: hyperref 2020/01/14 v7.00d Hypertext links for LaTeX

(/usr/share/texlive/texmf-dist/tex/generic/ltxcmds/ltxcmds.sty
Package: ltxcmds 2019/12/15 v1.24 LaTeX kernel commands for general use (HO)
)
(/usr/share/texlive/texmf-dist/tex/generic/iftex/iftex.sty
Package: iftex 2019/11/07 v1.0c TeX engine tests
)
(/usr/share/texlive/texmf-dist/tex/latex/pdftexcmds/pdftexcmds.sty
Package: pdftexcmds 2019/11/24 v0.31 Utility functions of pdfTeX for LuaTeX (HO
)

(/usr/share/texlive/texmf-dist/tex/generic/infwarerr/infwarerr.sty
Package: infwarerr 2019/12/03 v1.5 Providing info/warning/error messages (HO)
)
Package pdftexcmds Info: \pdf@primitive is available.
Package pdftexcmds Info: \pdf@ifprimitive is available.
Package pdftexcmds Info: \pdfdraftmode found.
)
(/usr/share/texlive/texmf-dist/tex/latex/graphics/keyval.sty
Package: keyval 2014/10/28 v1.15 key=value parser (DPC)
\KV@toks@=\toks14
)
(/usr/share/texlive/texmf-dist/tex/generic/kvsetkeys/kvsetkeys.sty
Package: kvsetkeys 2019/12/15 v1.18 Key value parser (HO)
)
(/usr/share/texlive/texmf-dist/tex/generic/kvdefinekeys/kvdefinekeys.sty
Package: kvdefinekeys 2019-12-19 v1.6 Define keys (HO)
)
(/usr/share/texlive/texmf-dist/tex/generic/pdfescape/pdfescape.sty
Package: pdfescape 2019/12/09 v1.15 Implements pdfTeX's escape features (HO)
)
(/usr/share/texlive/texmf-dist/tex/latex/hycolor/hycolor.sty
Package: hycolor 2020-01-27 v1.10 Color options for hyperref/bookmark (HO)
)
(/usr/share/texlive/texmf-dist/tex/latex/letltxmacro/letltxmacro.sty
Package: letltxmacro 2019/12/03 v1.6 Let assignment for LaTeX macros (HO)
)
(/usr/share/texlive/texmf-dist/tex/latex/auxhook/auxhook.sty
Package: auxhook 2019-12-17 v1.6 Hooks for auxiliary files (HO)
)
(/usr/share/texlive/texmf-dist/tex/latex/kvoptions/kvoptions.sty
Package: kvoptions 2019/11/29 v3.13 Key value format for package options (HO)
)
\@linkdim=\dimen135
\Hy@linkcounter=\count176
\Hy@pagecounter=\count177

(/usr/share/texlive/texmf-dist/tex/latex/hyperref/pd1enc.def
File: pd1enc.def 2020/01/14 v7.00d Hyperref: PDFDocEncoding definition (HO)
Now handling font encoding PD1 ...
... no UTF-8 mapping file for font encoding PD1
)
(/usr/share/texlive/texmf-dist/tex/generic/intcalc/intcalc.sty
Package: intcalc 2019/12/15 v1.3 Expandable calculations with integers (HO)
)
(/usr/share/texlive/texmf-dist/tex/generic/etexcmds/etexcmds.sty
Package: etexcmds 2019/12/15 v1.7 Avoid name clashes with e-TeX commands (HO)
)
\Hy@SavedSpaceFactor=\count178
\pdfmajorversion=\count179
Package hyperref Info: Hyper figures OFF on input line 4547.
Package hyperref Info: Link nesting OFF on input line 4552.
Package hyperref Info: Hyper index ON on input line 4555.
Package hyperref Info: Plain pages OFF on input line 4562.
Package hyperref Info: Backreferencing OFF on input line 4567.
Package hyperref Info: Implicit mode ON; LaTeX internals redefined.
Package hyperref Info: Bookmarks ON on input line 4800.
\c@Hy@tempcnt=\count180

(/usr/share/texlive/texmf-dist/tex/latex/url/url.sty
\Urlmuskip=\muskip16
Package: url 2013/09/16  ver 3.4  Verb mode for urls, etc.
)
LaTeX Info: Redefining \url on input line 5159.
\XeTeXLinkMargin=\dimen136

(/usr/share/texlive/texmf-dist/tex/generic/bitset/bitset.sty
Package: bitset 2019/12/09 v1.3 Handle bit-vector datatype (HO)

(/usr/share/texlive/texmf-dist/tex/generic/bigintcalc/bigintcalc.sty
Package: bigintcalc 2019/12/15 v1.5 Expandable calculations on big integers (HO
)
))
\Fld@menulength=\count181
\Field@Width=\dimen137
\Fld@charsize=\dimen138
Package hyperref Info: Hyper figures OFF on input line 6430.
Package hyperref Info: Link nesting OFF on input line 6435.
Package hyperref Info: Hyper index ON on input line 6438.
Package hyperref Info: backreferencing OFF on input line 6445.
Package hyperref Info: Link coloring OFF on input line 6450.
Package hyperref Info: Link coloring with OCG OFF on input line 6455.
Package hyperref Info: PDF/A mode OFF on input line 6460.
LaTeX Info: Redefining \ref on input line 6500.
LaTeX Info: Redefining \pageref on input line 6504.

(/usr/share/texlive/texmf-dist/tex/generic/atbegshi/atbegshi.sty
Package: atbegshi 2019/12/05 v1.19 At begin shipout hook (HO)
)
\Hy@abspage=\count182
\c@Item=\count183
\c@Hfootnote=\count184
)
Package hyperref Info: Driver (autodetected): hpdftex.

(/usr/share/texlive/texmf-dist/tex/latex/hyperref/hpdftex.def
File: hpdftex.def 2020/01/14 v7.00d Hyperref driver for pdfTeX

(/usr/share/texlive/texmf-dist/tex/latex/atveryend/atveryend.sty
Package: atveryend 2019-12-11 v1.11 Hooks at the very end of document (HO)
Package atveryend Info: \enddocument detected (standard20110627).
)
\Fld@listcount=\count185
\c@bookmark@seq@number=\count186

(/usr/share/texlive/texmf-dist/tex/latex/rerunfilecheck/rerunfilecheck.sty
Package: rerunfilecheck 2019/12/05 v1.9 Rerun checks for auxiliary files (HO)

(/usr/share/texlive/texmf-dist/tex/generic/uniquecounter/uniquecounter.sty
Package: uniquecounter 2019/12/15 v1.4 Provide unlimited unique counter (HO)
)
Package uniquecounter Info: New unique counter `rerunfilecheck' on input line 2
86.
)
\Hy@SectionHShift=\skip49
)
(./titlepic.sty
Package: titlepic 2009/08/03 1.1 Package to display a picture on the title page

) (/usr/share/texlive/texmf-dist/tex/latex/titlesec/titlesec.sty
Package: titlesec 2019/10/16 v2.13 Sectioning titles
\ttl@box=\box45
\beforetitleunit=\skip50
\aftertitleunit=\skip51
\ttl@plus=\dimen139
\ttl@minus=\dimen140
\ttl@toksa=\toks15
\titlewidth=\dimen141
\titlewidthlast=\dimen142
\titlewidthfirst=\dimen143
) (/usr/share/texlive/texmf-dist/tex/latex/graphics/graphicx.sty
Package: graphicx 2019/11/30 v1.2a Enhanced LaTeX Graphics (DPC,SPQR)

(/usr/share/texlive/texmf-dist/tex/latex/graphics/graphics.sty
Package: graphics 2019/11/30 v1.4a Standard LaTeX Graphics (DPC,SPQR)

(/usr/share/texlive/texmf-dist/tex/latex/graphics/trig.sty
Package: trig 2016/01/03 v1.10 sin cos tan (DPC)
)
(/usr/share/texlive/texmf-dist/tex/latex/graphics-cfg/graphics.cfg
File: graphics.cfg 2016/06/04 v1.11 sample graphics configuration
)
Package graphics Info: Driver file: pdftex.def on input line 105.

(/usr/share/texlive/texmf-dist/tex/latex/graphics-def/pdftex.def
File: pdftex.def 2018/01/08 v1.0l Graphics/color driver for pdftex
))
\Gin@req@height=\dimen144
\Gin@req@width=\dimen145
)
(/usr/share/texlive/texmf-dist/tex/latex/caption/caption.sty
Package: caption 2020/01/03 v3.4h Customizing captions (AR)

(/usr/share/texlive/texmf-dist/tex/latex/caption/caption3.sty
Package: caption3 2020/01/03 v1.8h caption3 kernel (AR)
Package caption3 Info: TeX engine: e-TeX on input line 61.
\captionmargin=\dimen146
\captionmargin@=\dimen147
\captionwidth=\dimen148
\caption@tempdima=\dimen149
\caption@indent=\dimen150
\caption@parindent=\dimen151
\caption@hangindent=\dimen152
Package caption Info: Standard document class detected.
)
\c@caption@flags=\count187
\c@continuedfloat=\count188
Package caption Info: hyperref package is loaded.
)
(/usr/share/texlive/texmf-dist/tex/latex/caption/subcaption.sty
Package: subcaption 2020/01/22 v1.3d Sub-captions (AR)
\c@subfigure=\count189
\c@subtable=\count190
)
(/usr/share/texlive/texmf-dist/tex/latex/base/alltt.sty
Package: alltt 1997/06/16 v2.0g defines alltt environment
)
(/usr/share/texlive/texmf-dist/tex/latex/fancyhdr/fancyhdr.sty
Package: fancyhdr 2019/01/31 v3.10 Extensive control of page headers and footer
s
\f@nch@headwidth=\skip52
\f@nch@O@elh=\skip53
\f@nch@O@erh=\skip54
\f@nch@O@olh=\skip55
\f@nch@O@orh=\skip56
\f@nch@O@elf=\skip57
\f@nch@O@erf=\skip58
\f@nch@O@olf=\skip59
\f@nch@O@orf=\skip60
)
(/usr/share/texlive/texmf-dist/tex/latex/graphics/color.sty
Package: color 2019/11/23 v1.2a Standard LaTeX Color (DPC)

(/usr/share/texlive/texmf-dist/tex/latex/graphics-cfg/color.cfg
File: color.cfg 2016/01/02 v1.6 sample color configuration
)
Package color Info: Driver file: pdftex.def on input line 147.
)
(/usr/share/texlive/texmf-dist/tex/latex/tools/enumerate.sty
Package: enumerate 2015/07/23 v3.00 enumerate extensions (DPC)
\@enLab=\toks16
)
(/usr/share/texlive/texmf-dist/tex/latex/l3backend/l3backend-pdfmode.def
File: l3backend-pdfmode.def 2020-02-03 L3 backend support: PDF mode
\l__kernel_color_stack_int=\count191
\l__pdf_internal_box=\box46
)
(./exercises.aux)
\openout1 = `exercises.aux'.

LaTeX Font Info:    Checking defaults for OML/cmm/m/it on input line 26.
LaTeX Font Info:    ... okay on input line 26.
LaTeX Font Info:    Checking defaults for OMS/cmsy/m/n on input line 26.
LaTeX Font Info:    ... okay on input line 26.
LaTeX Font Info:    Checking defaults for OT1/cmr/m/n on input line 26.
LaTeX Font Info:    ... okay on input line 26.
LaTeX Font Info:    Checking defaults for T1/cmr/m/n on input line 26.
LaTeX Font Info:    ... okay on input line 26.
LaTeX Font Info:    Checking defaults for TS1/cmr/m/n on input line 26.
LaTeX Font Info:    ... okay on input line 26.
LaTeX Font Info:    Checking defaults for OMX/cmex/m/n on input line 26.
LaTeX Font Info:    ... okay on input line 26.
LaTeX Font Info:    Checking defaults for U/cmr/m/n on input line 26.
LaTeX Font Info:    ... okay on input line 26.
LaTeX Font Info:    Checking defaults for PD1/pdf/m/n on input line 26.
LaTeX Font Info:    ... okay on input line 26.
\AtBeginShipoutBox=\box47
Package hyperref Info: Link coloring OFF on input line 26.
 (/usr/share/texlive/texmf-dist/tex/latex/hyperref/nameref.sty
Package: nameref 2019/09/16 v2.46 Cross-referencing by name of section
(/usr/share/texlive/texmf-dist/tex/latex/refcount/refcount.sty
Package: refcount 2019/12/15 v3.6 Data extraction from label references (HO)
)
(/usr/share/texlive/texmf-dist/tex/generic/gettitlestring/gettitlestring.sty
Package: gettitlestring 2019/12/15 v1.6 Cleanup title references (HO)
)
\c@section@level=\count192
)
LaTeX Info: Redefining \ref on input line 26.
LaTeX Info: Redefining \pageref on input line 26.
LaTeX Info: Redefining \nameref on input line 26.

(./exercises.out) (./exercises.out)
\@outlinefile=\write3
\openout3 = `exercises.out'.


(/usr/share/texlive/texmf-dist/tex/context/base/mkii/supp-pdf.mkii
[Loading MPS to PDF converter (version 2006.09.02).]
\scratchcounter=\count193
\scratchdimen=\dimen153
\scratchbox=\box48
\nofMPsegments=\count194
\nofMParguments=\count195
\everyMPshowfont=\toks17
\MPscratchCnt=\count196
\MPscratchDim=\dimen154
\MPnumerator=\count197
\makeMPintoPDFobject=\count198
\everyMPtoPDFconversion=\toks18
) (/usr/share/texlive/texmf-dist/tex/latex/epstopdf-pkg/epstopdf-base.sty
Package: epstopdf-base 2020-01-24 v2.11 Base part for package epstopdf
Package epstopdf-base Info: Redefining graphics rule for `.eps' on input line 4
85.

(/usr/share/texlive/texmf-dist/tex/latex/latexconfig/epstopdf-sys.cfg
File: epstopdf-sys.cfg 2010/07/13 v1.3 Configuration of (r)epstopdf for TeX Liv
e
))
Package caption Info: Begin \AtBeginDocument code.
Package caption Info: End \AtBeginDocument code.
LaTeX Font Info:    External font `cmex10' loaded for size
(Font)              <12> on input line 33.
LaTeX Font Info:    External font `cmex10' loaded for size
(Font)              <8> on input line 33.
LaTeX Font Info:    External font `cmex10' loaded for size
(Font)              <6> on input line 33.

Overfull \hbox (67.97229pt too wide) in paragraph at lines 33--33
 [][] 
 []

<./pics/title_image.png, id=32, 628.3475pt x 513.92pt>
File: ./pics/title_image.png Graphic file (type png)
<use ./pics/title_image.png>
Package pdftex.def Info: ./pics/title_image.png  used on input line 33.
(pdftex.def)             Requested size: 227.62204pt x 186.16379pt.
[1


{/var/lib/texmf/fonts/map/pdftex/updmap/pdftex.map} <./pics/title_image.png (PN
G copy)>]
<./pics/mri2.png, id=40, 82.6287pt x 82.6287pt>
File: ./pics/mri2.png Graphic file (type png)
<use ./pics/mri2.png>
Package pdftex.def Info: ./pics/mri2.png  used on input line 34.
(pdftex.def)             Requested size: 38.3034pt x 38.30301pt.
 [2

 <./pics/mri2.png>] (./exercises.toc
LaTeX Font Info:    External font `cmex10' loaded for size
(Font)              <7> on input line 2.
LaTeX Font Info:    External font `cmex10' loaded for size
(Font)              <5> on input line 2.
)
\tf@toc=\write4
\openout4 = `exercises.toc'.

 [3]
File: ./pics/mri2.png Graphic file (type png)
<use ./pics/mri2.png>
Package pdftex.def Info: ./pics/mri2.png  used on input line 35.
(pdftex.def)             Requested size: 38.3034pt x 38.30301pt.
 [4

] (./exercises.lof)
\tf@lof=\write5
\openout5 = `exercises.lof'.


(./introduction.tex [5]
File: ./pics/mri2.png Graphic file (type png)
<use ./pics/mri2.png>
Package pdftex.def Info: ./pics/mri2.png  used on input line 1.
(pdftex.def)             Requested size: 38.3034pt x 38.30301pt.
 [6

]
Chapter 1.
<./pics/scratch_assay.png, id=92, 434.62375pt x 344.28625pt>
File: ./pics/scratch_assay.png Graphic file (type png)
<use ./pics/scratch_assay.png>
Package pdftex.def Info: ./pics/scratch_assay.png  used on input line 7.
(pdftex.def)             Requested size: 227.62204pt x 180.31169pt.
<./pics/fiji_open_image.png, id=93, 584.1825pt x 456.70625pt>
File: ./pics/fiji_open_image.png Graphic file (type png)
<use ./pics/fiji_open_image.png>
Package pdftex.def Info: ./pics/fiji_open_image.png  used on input line 20.
(pdftex.def)             Requested size: 227.62204pt x 177.95444pt.
LaTeX Font Info:    Trying to load font information for OML+cmr on input line 3
0.
(/usr/share/texlive/texmf-dist/tex/latex/base/omlcmr.fd
File: omlcmr.fd 2019/12/16 v2.5j Standard LaTeX font definitions
)
LaTeX Font Info:    Font shape `OML/cmr/bx/n' in size <10> not available
(Font)              Font shape `OML/cmm/b/it' tried instead on input line 30.
 [7 <./pics/scratch_assay.png (PNG copy)>]
LaTeX Font Info:    Trying to load font information for OML+cmtt on input line 
39.
LaTeX Font Info:    No file OMLcmtt.fd. on input line 39.


LaTeX Font Warning: Font shape `OML/cmtt/m/n' undefined
(Font)              using `OML/cmm/m/it' instead
(Font)              for symbol `textgreater' on input line 39.

<./pics/featurej_panel.png, id=100, 339.2675pt x 119.44624pt>
File: ./pics/featurej_panel.png Graphic file (type png)
<use ./pics/featurej_panel.png>
Package pdftex.def Info: ./pics/featurej_panel.png  used on input line 43.
(pdftex.def)             Requested size: 170.71652pt x 60.10388pt.
File: ./pics/mri2.png Graphic file (type png)
<use ./pics/mri2.png>
Package pdftex.def Info: ./pics/mri2.png  used on input line 53.
(pdftex.def)             Requested size: 38.3034pt x 38.30301pt.
[8 <./pics/fiji_open_image.png (PNG copy)>]
<./pics/ilastik.png, id=107, 819.06pt x 582.175pt>
File: ./pics/ilastik.png Graphic file (type png)
<use ./pics/ilastik.png>
Package pdftex.def Info: ./pics/ilastik.png  used on input line 72.
(pdftex.def)             Requested size: 227.62204pt x 161.79088pt.
File: ./pics/mri2.png Graphic file (type png)
<use ./pics/mri2.png>
Package pdftex.def Info: ./pics/mri2.png  used on input line 79.
(pdftex.def)             Requested size: 38.3034pt x 38.30301pt.
 [9 <./pics/featurej_panel.png (PNG copy)>]
Overfull \hbox (4.35193pt too wide) in paragraph at lines 91--92
[]\OT1/cmr/m/n/10 Advance to the \OT1/cmtt/m/n/10 Training \OT1/cmr/m/n/10 step
. Re-name the classes for the pixel-classifiction
 []

File: ./pics/mri2.png Graphic file (type png)
<use ./pics/mri2.png>
Package pdftex.def Info: ./pics/mri2.png  used on input line 99.
(pdftex.def)             Requested size: 38.3034pt x 38.30301pt.
[10 <./pics/ilastik.png (PNG copy)>]
Overfull \hbox (3.91624pt too wide) in paragraph at lines 105--106
\OT1/cmr/m/n/10 some of the im-ages not yet pro-cessed, from the folder \OT1/cm
tt/m/n/10 ex01-scratch-assay\OT1/cmr/m/n/10 .
 []

<./pics/wound_healing_result.png, id=125, 439.6425pt x 348.30125pt>
File: ./pics/wound_healing_result.png Graphic file (type png)
<use ./pics/wound_healing_result.png>
Package pdftex.def Info: ./pics/wound_healing_result.png  used on input line 11
0.
(pdftex.def)             Requested size: 227.62204pt x 180.3258pt.
) (./clustering.tex
File: ./pics/mri2.png Graphic file (type png)
<use ./pics/mri2.png>
Package pdftex.def Info: ./pics/mri2.png  used on input line 1.
(pdftex.def)             Requested size: 38.3034pt x 38.30301pt.
 [11 <./pics/wound_healing_result.png (PNG copy)>]
File: ./pics/mri2.png Graphic file (type png)
<use ./pics/mri2.png>
Package pdftex.def Info: ./pics/mri2.png  used on input line 1.
(pdftex.def)             Requested size: 38.3034pt x 38.30301pt.
 [12

]
Chapter 2.

Overfull \hbox (92.30307pt too wide) in paragraph at lines 7--8
\OT1/cmr/m/n/10 Open the file \OT1/cmtt/m/n/10 Visualizing K-Means Clustering.h
tml \OT1/cmr/m/n/10 from the folder \OT1/cmtt/m/n/10 01-k-means-visualization\O
T1/cmr/m/n/10 .
 []

[13]
<./pics/arabidopsis.png, id=144, 1059.96pt x 281.05pt>
File: ./pics/arabidopsis.png Graphic file (type png)
<use ./pics/arabidopsis.png>
Package pdftex.def Info: ./pics/arabidopsis.png  used on input line 52.
(pdftex.def)             Requested size: 227.62204pt x 60.35165pt.
<./pics/color_clustering.png, id=145, 714.67pt x 643.40375pt>
File: ./pics/color_clustering.png Graphic file (type png)
<use ./pics/color_clustering.png>
Package pdftex.def Info: ./pics/color_clustering.png  used on input line 61.
(pdftex.def)             Requested size: 227.62204pt x 204.92146pt.

Overfull \hbox (2.4705pt too wide) in paragraph at lines 58--65
\OT1/cmr/m/n/10 the \OT1/cmtt/m/n/10 Color clustering \OT1/cmr/m/n/10 tool from
 the menu \OT1/cmtt/m/n/10 Plugins>Segmentation>Color
 []

File: ./pics/mri2.png Graphic file (type png)
<use ./pics/mri2.png>
Package pdftex.def Info: ./pics/mri2.png  used on input line 71.
(pdftex.def)             Requested size: 38.3034pt x 38.30301pt.
[14 <./pics/arabidopsis.png (PNG copy)>]
File: ./pics/mri2.png Graphic file (type png)
<use ./pics/mri2.png>
Package pdftex.def Info: ./pics/mri2.png  used on input line 89.
(pdftex.def)             Requested size: 38.3034pt x 38.30301pt.
 [15 <./pics/color_clustering.png>]
<./pics/cluster_visualization.png, id=162, 946.53625pt x 525.965pt>
File: ./pics/cluster_visualization.png Graphic file (type png)
<use ./pics/cluster_visualization.png>
Package pdftex.def Info: ./pics/cluster_visualization.png  used on input line 1
05.
(pdftex.def)             Requested size: 227.62204pt x 126.48296pt.
)
No file exercises.bbl.
Package atveryend Info: Empty hook `BeforeClearDocument' on input line 40.
File: ./pics/mri2.png Graphic file (type png)
<use ./pics/mri2.png>
Package pdftex.def Info: ./pics/mri2.png  used on input line 40.
(pdftex.def)             Requested size: 38.3034pt x 38.30301pt.
[16 <./pics/cluster_visualization.png (PNG copy)>]
Package atveryend Info: Empty hook `AfterLastShipout' on input line 40.
 (./exercises.aux)
Package atveryend Info: Executing hook `AtVeryEndDocument' on input line 40.
Package atveryend Info: Executing hook `AtEndAfterFileList' on input line 40.
Package rerunfilecheck Info: File `exercises.out' has not changed.
(rerunfilecheck)             Checksum: E0197EB3FA0388BF7499AEBB6B7567A8;479.


LaTeX Font Warning: Some font shapes were not available, defaults substituted.

Package atveryend Info: Empty hook `AtVeryVeryEnd' on input line 40.
 ) 
Here is how much of TeX's memory you used:
 7027 strings out of 483140
 110543 string characters out of 5965152
 365652 words of memory out of 5000000
 21873 multiletter control sequences out of 15000+600000
 538684 words of font info for 45 fonts, out of 8000000 for 9000
 36 hyphenation exceptions out of 8191
 41i,15n,45p,553b,450s stack positions out of 5000i,500n,10000p,200000b,80000s
</usr/share/texlive/texmf-dist/fonts/type1/public/amsfonts/cm/cmbx10.pfb></us
r/share/texlive/texmf-dist/fonts/type1/public/amsfonts/cm/cmbx12.pfb></usr/shar
e/texlive/texmf-dist/fonts/type1/public/amsfonts/cm/cmmi10.pfb></usr/share/texl
ive/texmf-dist/fonts/type1/public/amsfonts/cm/cmmib10.pfb></usr/share/texlive/t
exmf-dist/fonts/type1/public/amsfonts/cm/cmr10.pfb></usr/share/texlive/texmf-di
st/fonts/type1/public/amsfonts/cm/cmr12.pfb></usr/share/texlive/texmf-dist/font
s/type1/public/amsfonts/cm/cmr17.pfb></usr/share/texlive/texmf-dist/fonts/type1
/public/amsfonts/cm/cmsl10.pfb></usr/share/texlive/texmf-dist/fonts/type1/publi
c/amsfonts/cm/cmtt10.pfb>
Output written on exercises.pdf (16 pages, 1941393 bytes).
PDF statistics:
 216 PDF objects out of 1000 (max. 8388607)
 175 compressed objects within 2 object streams
 58 named destinations out of 1000 (max. 500000)
 107 words of extra memory for PDF output out of 10000 (max. 10000000)

